<?xml version="1.0" encoding="UTF-8"?>
<robot generator="Robot 6.1.1 (Python 3.10.4 on win32)" generated="20231204 10:03:33.394" rpa="false" schemaversion="4">
<suite id="s1" name="Login" source="C:\Users\Asus\Documents\GitHub\Flight-App-Mobile-Automation---Kel.-16\suites\login.robot">
<test id="s1-t1" name="Login with valid data" line="14">
<kw name="Open Flight Application" library="base">
<kw name="Open Application" library="AppiumLibrary">
<arg>remote_url=${REMOTE_URL}</arg>
<arg>platformName=${PLATFORM_NAME}</arg>
<arg>PlaformVersion=${PLATFORM_VERSION}</arg>
<arg>deviceName=${DEVICE_NAME}</arg>
<arg>appPackage=${APP_PACKAGE}</arg>
<arg>appActivity=${APP_ACTIVITY}</arg>
<doc>Opens a new application to given Appium server.
Capabilities of appium server, Android and iOS,
Please check https://github.com/appium/appium/blob/master/docs/en/writing-running-appium/server-args.md
| *Option*            | *Man.* | *Description*     |
| remote_url          | Yes    | Appium server url |
| alias               | no     | alias             |
| strict_ssl          | No     | allows you to send commands to an invalid certificate host like a self-signed one. |</doc>
<status status="PASS" starttime="20231204 10:03:33.650" endtime="20231204 10:03:41.289"/>
</kw>
<status status="PASS" starttime="20231204 10:03:33.649" endtime="20231204 10:03:41.289"/>
</kw>
<kw name="Click Sign In Button on Home Page" library="home">
<kw name="Wait Until Element Is Visible" library="AppiumLibrary">
<arg>${signin-button}</arg>
<doc>Waits until element specified with `locator` is visible.</doc>
<msg timestamp="20231204 10:03:42.194" level="INFO">xpath criteria: //*[@resource-id="com.example.myapplication:id/login"]</msg>
<status status="PASS" starttime="20231204 10:03:41.290" endtime="20231204 10:03:42.194"/>
</kw>
<kw name="Click Element" library="AppiumLibrary">
<arg>${signin-button}</arg>
<doc>Click element identified by `locator`.</doc>
<msg timestamp="20231204 10:03:42.196" level="INFO">Clicking element '//*[@resource-id="com.example.myapplication:id/login"]'.</msg>
<msg timestamp="20231204 10:03:42.281" level="INFO">xpath criteria: //*[@resource-id="com.example.myapplication:id/login"]</msg>
<status status="PASS" starttime="20231204 10:03:42.194" endtime="20231204 10:03:42.281"/>
</kw>
<status status="PASS" starttime="20231204 10:03:41.289" endtime="20231204 10:03:42.281"/>
</kw>
<kw name="Input Username signIn" library="signIn">
<arg>${VALID_USERNAME}</arg>
<kw name="Wait Until Element Is Visible" library="AppiumLibrary">
<arg>${username_input}</arg>
<doc>Waits until element specified with `locator` is visible.</doc>
<msg timestamp="20231204 10:03:42.974" level="INFO">xpath criteria: //*[@resource-id="com.example.myapplication:id/username"]
xpath criteria: //*[@resource-id="com.example.myapplication:id/username"]</msg>
<status status="PASS" starttime="20231204 10:03:42.282" endtime="20231204 10:03:42.974"/>
</kw>
<kw name="Input Text" library="AppiumLibrary">
<arg>${username_input}</arg>
<arg>${username}</arg>
<doc>Types the given `text` into text field identified by `locator`.</doc>
<msg timestamp="20231204 10:03:42.976" level="INFO">Typing text 'admin@test.com' into text field '//*[@resource-id="com.example.myapplication:id/username"]'</msg>
<msg timestamp="20231204 10:03:43.044" level="INFO">xpath criteria: //*[@resource-id="com.example.myapplication:id/username"]</msg>
<status status="PASS" starttime="20231204 10:03:42.974" endtime="20231204 10:03:43.044"/>
</kw>
<status status="PASS" starttime="20231204 10:03:42.282" endtime="20231204 10:03:43.044"/>
</kw>
<kw name="Input Password signIn" library="signIn">
<arg>${VALID_PASSWORD}</arg>
<kw name="Wait Until Element Is Visible" library="AppiumLibrary">
<arg>${password_input}</arg>
<doc>Waits until element specified with `locator` is visible.</doc>
<msg timestamp="20231204 10:03:43.585" level="INFO">xpath criteria: //*[@resource-id="com.example.myapplication:id/password"]</msg>
<status status="PASS" starttime="20231204 10:03:43.046" endtime="20231204 10:03:43.585"/>
</kw>
<kw name="Input Text" library="AppiumLibrary">
<arg>${password_input}</arg>
<arg>${password}</arg>
<doc>Types the given `text` into text field identified by `locator`.</doc>
<msg timestamp="20231204 10:03:43.587" level="INFO">Typing text 'manager' into text field '//*[@resource-id="com.example.myapplication:id/password"]'</msg>
<msg timestamp="20231204 10:03:43.642" level="INFO">xpath criteria: //*[@resource-id="com.example.myapplication:id/password"]</msg>
<status status="PASS" starttime="20231204 10:03:43.585" endtime="20231204 10:03:43.643"/>
</kw>
<status status="PASS" starttime="20231204 10:03:43.045" endtime="20231204 10:03:43.643"/>
</kw>
<kw name="Click signIn Button" library="signIn">
<kw name="Wait Until Element Is Visible" library="AppiumLibrary">
<arg>${password_input}</arg>
<doc>Waits until element specified with `locator` is visible.</doc>
<msg timestamp="20231204 10:03:44.180" level="INFO">xpath criteria: //*[@resource-id="com.example.myapplication:id/password"]</msg>
<status status="PASS" starttime="20231204 10:03:43.644" endtime="20231204 10:03:44.180"/>
</kw>
<kw name="Click Element" library="AppiumLibrary">
<arg>${signin_button}</arg>
<doc>Click element identified by `locator`.</doc>
<msg timestamp="20231204 10:03:44.182" level="INFO">Clicking element '//*[@resource-id="com.example.myapplication:id/signIn"]'.</msg>
<msg timestamp="20231204 10:03:44.247" level="INFO">xpath criteria: //*[@resource-id="com.example.myapplication:id/signIn"]</msg>
<status status="PASS" starttime="20231204 10:03:44.180" endtime="20231204 10:03:44.247"/>
</kw>
<status status="PASS" starttime="20231204 10:03:43.643" endtime="20231204 10:03:44.247"/>
</kw>
<kw name="Close Flight Application" library="base">
<kw name="Close Application" library="AppiumLibrary">
<doc>Closes the current application and also close webdriver session.</doc>
<status status="PASS" starttime="20231204 10:03:44.249" endtime="20231204 10:03:44.841"/>
</kw>
<status status="PASS" starttime="20231204 10:03:44.247" endtime="20231204 10:03:44.841"/>
</kw>
<status status="PASS" starttime="20231204 10:03:33.649" endtime="20231204 10:03:44.843"/>
</test>
<test id="s1-t2" name="Login with invalid data" line="22">
<kw name="Open Flight Application" library="base">
<kw name="Open Application" library="AppiumLibrary">
<arg>remote_url=${REMOTE_URL}</arg>
<arg>platformName=${PLATFORM_NAME}</arg>
<arg>PlaformVersion=${PLATFORM_VERSION}</arg>
<arg>deviceName=${DEVICE_NAME}</arg>
<arg>appPackage=${APP_PACKAGE}</arg>
<arg>appActivity=${APP_ACTIVITY}</arg>
<doc>Opens a new application to given Appium server.
Capabilities of appium server, Android and iOS,
Please check https://github.com/appium/appium/blob/master/docs/en/writing-running-appium/server-args.md
| *Option*            | *Man.* | *Description*     |
| remote_url          | Yes    | Appium server url |
| alias               | no     | alias             |
| strict_ssl          | No     | allows you to send commands to an invalid certificate host like a self-signed one. |</doc>
<status status="PASS" starttime="20231204 10:03:44.846" endtime="20231204 10:03:52.220"/>
</kw>
<status status="PASS" starttime="20231204 10:03:44.845" endtime="20231204 10:03:52.220"/>
</kw>
<kw name="Click Sign In Button on Home Page" library="home">
<kw name="Wait Until Element Is Visible" library="AppiumLibrary">
<arg>${signin-button}</arg>
<doc>Waits until element specified with `locator` is visible.</doc>
<msg timestamp="20231204 10:03:53.137" level="INFO">xpath criteria: //*[@resource-id="com.example.myapplication:id/login"]</msg>
<status status="PASS" starttime="20231204 10:03:52.220" endtime="20231204 10:03:53.137"/>
</kw>
<kw name="Click Element" library="AppiumLibrary">
<arg>${signin-button}</arg>
<doc>Click element identified by `locator`.</doc>
<msg timestamp="20231204 10:03:53.139" level="INFO">Clicking element '//*[@resource-id="com.example.myapplication:id/login"]'.</msg>
<msg timestamp="20231204 10:03:53.233" level="INFO">xpath criteria: //*[@resource-id="com.example.myapplication:id/login"]</msg>
<status status="PASS" starttime="20231204 10:03:53.137" endtime="20231204 10:03:53.233"/>
</kw>
<status status="PASS" starttime="20231204 10:03:52.220" endtime="20231204 10:03:53.233"/>
</kw>
<kw name="Input Username signIn" library="signIn">
<arg>${INVALID_USERNAME}</arg>
<kw name="Wait Until Element Is Visible" library="AppiumLibrary">
<arg>${username_input}</arg>
<doc>Waits until element specified with `locator` is visible.</doc>
<msg timestamp="20231204 10:03:53.917" level="INFO">xpath criteria: //*[@resource-id="com.example.myapplication:id/username"]
xpath criteria: //*[@resource-id="com.example.myapplication:id/username"]</msg>
<status status="PASS" starttime="20231204 10:03:53.234" endtime="20231204 10:03:53.917"/>
</kw>
<kw name="Input Text" library="AppiumLibrary">
<arg>${username_input}</arg>
<arg>${username}</arg>
<doc>Types the given `text` into text field identified by `locator`.</doc>
<msg timestamp="20231204 10:03:53.920" level="INFO">Typing text 'invalid' into text field '//*[@resource-id="com.example.myapplication:id/username"]'</msg>
<msg timestamp="20231204 10:03:53.981" level="INFO">xpath criteria: //*[@resource-id="com.example.myapplication:id/username"]</msg>
<status status="PASS" starttime="20231204 10:03:53.917" endtime="20231204 10:03:53.981"/>
</kw>
<status status="PASS" starttime="20231204 10:03:53.234" endtime="20231204 10:03:53.981"/>
</kw>
<kw name="Input Password signIn" library="signIn">
<arg>${INVALID_PASSWORD}</arg>
<kw name="Wait Until Element Is Visible" library="AppiumLibrary">
<arg>${password_input}</arg>
<doc>Waits until element specified with `locator` is visible.</doc>
<msg timestamp="20231204 10:03:54.524" level="INFO">xpath criteria: //*[@resource-id="com.example.myapplication:id/password"]</msg>
<status status="PASS" starttime="20231204 10:03:53.983" endtime="20231204 10:03:54.524"/>
</kw>
<kw name="Input Text" library="AppiumLibrary">
<arg>${password_input}</arg>
<arg>${password}</arg>
<doc>Types the given `text` into text field identified by `locator`.</doc>
<msg timestamp="20231204 10:03:54.526" level="INFO">Typing text 'invalid' into text field '//*[@resource-id="com.example.myapplication:id/password"]'</msg>
<msg timestamp="20231204 10:03:54.581" level="INFO">xpath criteria: //*[@resource-id="com.example.myapplication:id/password"]</msg>
<status status="PASS" starttime="20231204 10:03:54.524" endtime="20231204 10:03:54.581"/>
</kw>
<status status="PASS" starttime="20231204 10:03:53.982" endtime="20231204 10:03:54.581"/>
</kw>
<kw name="Click signIn Button" library="signIn">
<kw name="Wait Until Element Is Visible" library="AppiumLibrary">
<arg>${password_input}</arg>
<doc>Waits until element specified with `locator` is visible.</doc>
<msg timestamp="20231204 10:03:55.120" level="INFO">xpath criteria: //*[@resource-id="com.example.myapplication:id/password"]</msg>
<status status="PASS" starttime="20231204 10:03:54.582" endtime="20231204 10:03:55.120"/>
</kw>
<kw name="Click Element" library="AppiumLibrary">
<arg>${signin_button}</arg>
<doc>Click element identified by `locator`.</doc>
<msg timestamp="20231204 10:03:55.122" level="INFO">Clicking element '//*[@resource-id="com.example.myapplication:id/signIn"]'.</msg>
<msg timestamp="20231204 10:03:55.198" level="INFO">xpath criteria: //*[@resource-id="com.example.myapplication:id/signIn"]</msg>
<status status="PASS" starttime="20231204 10:03:55.120" endtime="20231204 10:03:55.198"/>
</kw>
<status status="PASS" starttime="20231204 10:03:54.581" endtime="20231204 10:03:55.198"/>
</kw>
<kw name="Close Flight Application" library="base">
<kw name="Close Application" library="AppiumLibrary">
<doc>Closes the current application and also close webdriver session.</doc>
<status status="PASS" starttime="20231204 10:03:55.199" endtime="20231204 10:03:55.804"/>
</kw>
<status status="PASS" starttime="20231204 10:03:55.199" endtime="20231204 10:03:55.804"/>
</kw>
<status status="PASS" starttime="20231204 10:03:44.844" endtime="20231204 10:03:55.805"/>
</test>
<test id="s1-t3" name="Login without password" line="30">
<kw name="Open Flight Application" library="base">
<kw name="Open Application" library="AppiumLibrary">
<arg>remote_url=${REMOTE_URL}</arg>
<arg>platformName=${PLATFORM_NAME}</arg>
<arg>PlaformVersion=${PLATFORM_VERSION}</arg>
<arg>deviceName=${DEVICE_NAME}</arg>
<arg>appPackage=${APP_PACKAGE}</arg>
<arg>appActivity=${APP_ACTIVITY}</arg>
<doc>Opens a new application to given Appium server.
Capabilities of appium server, Android and iOS,
Please check https://github.com/appium/appium/blob/master/docs/en/writing-running-appium/server-args.md
| *Option*            | *Man.* | *Description*     |
| remote_url          | Yes    | Appium server url |
| alias               | no     | alias             |
| strict_ssl          | No     | allows you to send commands to an invalid certificate host like a self-signed one. |</doc>
<status status="PASS" starttime="20231204 10:03:55.806" endtime="20231204 10:04:03.214"/>
</kw>
<status status="PASS" starttime="20231204 10:03:55.806" endtime="20231204 10:04:03.214"/>
</kw>
<kw name="Click Sign In Button on Home Page" library="home">
<kw name="Wait Until Element Is Visible" library="AppiumLibrary">
<arg>${signin-button}</arg>
<doc>Waits until element specified with `locator` is visible.</doc>
<msg timestamp="20231204 10:04:04.148" level="INFO">xpath criteria: //*[@resource-id="com.example.myapplication:id/login"]</msg>
<status status="PASS" starttime="20231204 10:04:03.214" endtime="20231204 10:04:04.148"/>
</kw>
<kw name="Click Element" library="AppiumLibrary">
<arg>${signin-button}</arg>
<doc>Click element identified by `locator`.</doc>
<msg timestamp="20231204 10:04:04.150" level="INFO">Clicking element '//*[@resource-id="com.example.myapplication:id/login"]'.</msg>
<msg timestamp="20231204 10:04:04.249" level="INFO">xpath criteria: //*[@resource-id="com.example.myapplication:id/login"]</msg>
<status status="PASS" starttime="20231204 10:04:04.148" endtime="20231204 10:04:04.249"/>
</kw>
<status status="PASS" starttime="20231204 10:04:03.214" endtime="20231204 10:04:04.249"/>
</kw>
<kw name="Input Username signIn" library="signIn">
<arg>${VALID_USERNAME}</arg>
<kw name="Wait Until Element Is Visible" library="AppiumLibrary">
<arg>${username_input}</arg>
<doc>Waits until element specified with `locator` is visible.</doc>
<msg timestamp="20231204 10:04:04.946" level="INFO">xpath criteria: //*[@resource-id="com.example.myapplication:id/username"]
xpath criteria: //*[@resource-id="com.example.myapplication:id/username"]</msg>
<status status="PASS" starttime="20231204 10:04:04.250" endtime="20231204 10:04:04.946"/>
</kw>
<kw name="Input Text" library="AppiumLibrary">
<arg>${username_input}</arg>
<arg>${username}</arg>
<doc>Types the given `text` into text field identified by `locator`.</doc>
<msg timestamp="20231204 10:04:04.948" level="INFO">Typing text 'admin@test.com' into text field '//*[@resource-id="com.example.myapplication:id/username"]'</msg>
<msg timestamp="20231204 10:04:05.013" level="INFO">xpath criteria: //*[@resource-id="com.example.myapplication:id/username"]</msg>
<status status="PASS" starttime="20231204 10:04:04.947" endtime="20231204 10:04:05.013"/>
</kw>
<status status="PASS" starttime="20231204 10:04:04.250" endtime="20231204 10:04:05.013"/>
</kw>
<kw name="Click signIn Button" library="signIn">
<kw name="Wait Until Element Is Visible" library="AppiumLibrary">
<arg>${password_input}</arg>
<doc>Waits until element specified with `locator` is visible.</doc>
<msg timestamp="20231204 10:04:05.549" level="INFO">xpath criteria: //*[@resource-id="com.example.myapplication:id/password"]</msg>
<status status="PASS" starttime="20231204 10:04:05.014" endtime="20231204 10:04:05.550"/>
</kw>
<kw name="Click Element" library="AppiumLibrary">
<arg>${signin_button}</arg>
<doc>Click element identified by `locator`.</doc>
<msg timestamp="20231204 10:04:05.551" level="INFO">Clicking element '//*[@resource-id="com.example.myapplication:id/signIn"]'.</msg>
<msg timestamp="20231204 10:04:05.630" level="INFO">xpath criteria: //*[@resource-id="com.example.myapplication:id/signIn"]</msg>
<status status="PASS" starttime="20231204 10:04:05.550" endtime="20231204 10:04:05.630"/>
</kw>
<status status="PASS" starttime="20231204 10:04:05.014" endtime="20231204 10:04:05.630"/>
</kw>
<kw name="Close Flight Application" library="base">
<kw name="Close Application" library="AppiumLibrary">
<doc>Closes the current application and also close webdriver session.</doc>
<status status="PASS" starttime="20231204 10:04:05.631" endtime="20231204 10:04:06.202"/>
</kw>
<status status="PASS" starttime="20231204 10:04:05.631" endtime="20231204 10:04:06.202"/>
</kw>
<status status="PASS" starttime="20231204 10:03:55.805" endtime="20231204 10:04:06.203"/>
</test>
<test id="s1-t4" name="Login without data" line="37">
<kw name="Open Flight Application" library="base">
<kw name="Open Application" library="AppiumLibrary">
<arg>remote_url=${REMOTE_URL}</arg>
<arg>platformName=${PLATFORM_NAME}</arg>
<arg>PlaformVersion=${PLATFORM_VERSION}</arg>
<arg>deviceName=${DEVICE_NAME}</arg>
<arg>appPackage=${APP_PACKAGE}</arg>
<arg>appActivity=${APP_ACTIVITY}</arg>
<doc>Opens a new application to given Appium server.
Capabilities of appium server, Android and iOS,
Please check https://github.com/appium/appium/blob/master/docs/en/writing-running-appium/server-args.md
| *Option*            | *Man.* | *Description*     |
| remote_url          | Yes    | Appium server url |
| alias               | no     | alias             |
| strict_ssl          | No     | allows you to send commands to an invalid certificate host like a self-signed one. |</doc>
<status status="PASS" starttime="20231204 10:04:06.204" endtime="20231204 10:04:13.646"/>
</kw>
<status status="PASS" starttime="20231204 10:04:06.204" endtime="20231204 10:04:13.646"/>
</kw>
<kw name="Click Sign In Button on Home Page" library="home">
<kw name="Wait Until Element Is Visible" library="AppiumLibrary">
<arg>${signin-button}</arg>
<doc>Waits until element specified with `locator` is visible.</doc>
<msg timestamp="20231204 10:04:14.549" level="INFO">xpath criteria: //*[@resource-id="com.example.myapplication:id/login"]</msg>
<status status="PASS" starttime="20231204 10:04:13.647" endtime="20231204 10:04:14.549"/>
</kw>
<kw name="Click Element" library="AppiumLibrary">
<arg>${signin-button}</arg>
<doc>Click element identified by `locator`.</doc>
<msg timestamp="20231204 10:04:14.551" level="INFO">Clicking element '//*[@resource-id="com.example.myapplication:id/login"]'.</msg>
<msg timestamp="20231204 10:04:14.650" level="INFO">xpath criteria: //*[@resource-id="com.example.myapplication:id/login"]</msg>
<status status="PASS" starttime="20231204 10:04:14.549" endtime="20231204 10:04:14.650"/>
</kw>
<status status="PASS" starttime="20231204 10:04:13.647" endtime="20231204 10:04:14.650"/>
</kw>
<kw name="Click signIn Button" library="signIn">
<kw name="Wait Until Element Is Visible" library="AppiumLibrary">
<arg>${password_input}</arg>
<doc>Waits until element specified with `locator` is visible.</doc>
<msg timestamp="20231204 10:04:15.492" level="INFO">xpath criteria: //*[@resource-id="com.example.myapplication:id/password"]
xpath criteria: //*[@resource-id="com.example.myapplication:id/password"]</msg>
<status status="PASS" starttime="20231204 10:04:14.651" endtime="20231204 10:04:15.493"/>
</kw>
<kw name="Click Element" library="AppiumLibrary">
<arg>${signin_button}</arg>
<doc>Click element identified by `locator`.</doc>
<msg timestamp="20231204 10:04:15.497" level="INFO">Clicking element '//*[@resource-id="com.example.myapplication:id/signIn"]'.</msg>
<msg timestamp="20231204 10:04:15.583" level="INFO">xpath criteria: //*[@resource-id="com.example.myapplication:id/signIn"]</msg>
<status status="PASS" starttime="20231204 10:04:15.493" endtime="20231204 10:04:15.583"/>
</kw>
<status status="PASS" starttime="20231204 10:04:14.651" endtime="20231204 10:04:15.583"/>
</kw>
<kw name="Close Flight Application" library="base">
<kw name="Close Application" library="AppiumLibrary">
<doc>Closes the current application and also close webdriver session.</doc>
<status status="PASS" starttime="20231204 10:04:15.584" endtime="20231204 10:04:16.172"/>
</kw>
<status status="PASS" starttime="20231204 10:04:15.583" endtime="20231204 10:04:16.172"/>
</kw>
<status status="PASS" starttime="20231204 10:04:06.204" endtime="20231204 10:04:16.172"/>
</test>
<status status="PASS" starttime="20231204 10:03:33.396" endtime="20231204 10:04:16.173"/>
</suite>
<statistics>
<total>
<stat pass="4" fail="0" skip="0">All Tests</stat>
</total>
<tag>
</tag>
<suite>
<stat pass="4" fail="0" skip="0" id="s1" name="Login">Login</stat>
</suite>
</statistics>
<errors>
</errors>
</robot>
